2018-07-08 01:36:32,433 : logger    : [DEBUG   ] +--------------------------------+
2018-07-08 01:36:32,433 : logger    : [DEBUG   ] |Logging facility initalized...  |
2018-07-08 01:36:32,433 : logger    : [DEBUG   ] +--------------------------------+
2018-07-08 01:36:32,433 : logger    : [DEBUG   ] 
2018-07-08 01:36:32,435 : logger    : [INFO    ] [/home/mix-man/temp/Work/Facility Requests/2018-01-01 - 1630-1800 - MPR.pdf]: Processing File
2018-07-08 01:36:32,436 : logger    : [DEBUG   ] [/home/mix-man/temp/Work/Facility Requests/2018-01-01 - 1630-1800 - MPR.pdf] FILENAME      : 2018-01-01 - 1630-1800 - MPR.pdf
2018-07-08 01:36:32,436 : logger    : [DEBUG   ] [/home/mix-man/temp/Work/Facility Requests/2018-01-01 - 1630-1800 - MPR.pdf] BASE_DIR      : /home/mix-man/temp/Work/Facility Requests
2018-07-08 01:36:32,436 : logger    : [DEBUG   ] [/home/mix-man/temp/Work/Facility Requests/2018-01-01 - 1630-1800 - MPR.pdf] REL_BASE_DIR  : Facility Requests
2018-07-08 01:36:32,436 : logger    : [DEBUG   ] [/home/mix-man/temp/Work/Facility Requests/2018-01-01 - 1630-1800 - MPR.pdf] SUBJECT       : 
2018-07-08 01:36:32,436 : logger    : [DEBUG   ] [/home/mix-man/temp/Work/Facility Requests/2018-01-01 - 1630-1800 - MPR.pdf] TYPE          : Facility Requests
2018-07-08 01:36:32,436 : logger    : [DEBUG   ] [/home/mix-man/temp/Work/Facility Requests/2018-01-01 - 1630-1800 - MPR.pdf]: Detected Facility Request...
2018-07-08 01:36:32,436 : logger    : [INFO    ] [/home/mix-man/temp/Work/Facility Requests/2018-01-01 - 1630-1800 - MPR.pdf]: Facility Request Processor...
2018-07-08 01:36:32,436 : logger    : [DEBUG   ] [/home/mix-man/temp/Work/Facility Requests/2018-01-01 - 1630-1800 - MPR.pdf]: SOURCE FILENAME    : 2018-01-01 - 1630-1800 - MPR
2018-07-08 01:36:32,436 : logger    : [DEBUG   ] [/home/mix-man/temp/Work/Facility Requests/2018-01-01 - 1630-1800 - MPR.pdf]: SOURCE EXT         : .pdf
2018-07-08 01:36:32,436 : logger    : [DEBUG   ] [/home/mix-man/temp/Work/Facility Requests/2018-01-01 - 1630-1800 - MPR.pdf]: SOURCE PATH_BASE   : /home/mix-man/temp/Work/Facility Requests
2018-07-08 01:36:32,436 : logger    : [DEBUG   ] [/home/mix-man/temp/Work/Facility Requests/2018-01-01 - 1630-1800 - MPR.pdf]: SOURCE DATE_GROUPS : <_sre.SRE_Match object at 0x8007d6e00>
2018-07-08 01:36:32,436 : logger    : [DEBUG   ] [/home/mix-man/temp/Work/Facility Requests/2018-01-01 - 1630-1800 - MPR.pdf]: SOURCE DATE_FIRST  : 2018-01-01
2018-07-08 01:36:32,439 : logger    : [DEBUG   ] [/home/mix-man/temp/Work/Facility Requests/2018-01-01 - 1630-1800 - MPR.pdf]: SOURCE DATE_YEAR   : 2018
2018-07-08 01:36:32,439 : logger    : [DEBUG   ] [/home/mix-man/temp/Work/Facility Requests/2018-01-01 - 1630-1800 - MPR.pdf]: SOURCE DATE_MONTH  : 01
2018-07-08 01:36:32,439 : logger    : [DEBUG   ] [/home/mix-man/temp/Work/Facility Requests/2018-01-01 - 1630-1800 - MPR.pdf]: SOURCE DATE_DAY    : 01
2018-07-08 01:36:32,440 : logger    : [DEBUG   ] [/home/mix-man/temp/Work/Facility Requests/2018-01-01 - 1630-1800 - MPR.pdf]: SOURCE TIME_GROUPS : <_sre.SRE_Match object at 0x8007a3f08>
2018-07-08 01:36:32,440 : logger    : [DEBUG   ] [/home/mix-man/temp/Work/Facility Requests/2018-01-01 - 1630-1800 - MPR.pdf]: SOURCE TIME_FIRST  : 1630-1800
2018-07-08 01:36:32,440 : logger    : [DEBUG   ] [/home/mix-man/temp/Work/Facility Requests/2018-01-01 - 1630-1800 - MPR.pdf]: SOURCE TIME_START  : 1630
2018-07-08 01:36:32,440 : logger    : [DEBUG   ] [/home/mix-man/temp/Work/Facility Requests/2018-01-01 - 1630-1800 - MPR.pdf]: SOURCE TIME_END    : 1800
2018-07-08 01:36:32,441 : logger    : [DEBUG   ] [/home/mix-man/temp/Work/Facility Requests/2018-01-01 - 1630-1800 - MPR.pdf]: SOURCE EXTRA_DATA  : MPR
2018-07-08 01:36:32,441 : logger    : [DEBUG   ] [/home/mix-man/temp/Work/Facility Requests/2018-01-01 - 1630-1800 - MPR.pdf]: SOURCE ROOMS       : MPR
2018-07-08 01:36:32,441 : logger    : [DEBUG   ] [/home/mix-man/temp/Work/Facility Requests/2018-01-01 - 1630-1800 - MPR.pdf]: SOURCE EXTRAS      : 
2018-07-08 01:36:32,441 : logger    : [DEBUG   ] [/home/mix-man/temp/Work/Facility Requests/2018-01-01 - 1630-1800 - MPR.pdf]: TARGET FILENAME    : 2018-01-01 - 1630-1800 - MPR.pdf
2018-07-08 01:36:32,441 : logger    : [DEBUG   ] [/home/mix-man/temp/Work/Facility Requests/2018-01-01 - 1630-1800 - MPR.pdf]: TARGET MONTH       : 01. Jan
2018-07-08 01:36:32,441 : logger    : [DEBUG   ] [/home/mix-man/temp/Work/Facility Requests/2018-01-01 - 1630-1800 - MPR.pdf]: TARGET PATH_BASE   : /home/mix-man/temp/Facility Requests/2018/01. Jan
2018-07-08 01:36:32,441 : logger    : [DEBUG   ] [/home/mix-man/temp/Work/Facility Requests/2018-01-01 - 1630-1800 - MPR.pdf]: TARGET FULLDEST    : /home/mix-man/temp/Facility Requests/2018/01. Jan/2018-01-01 - 1630-1800 - MPR.pdf
2018-07-08 01:36:32,984 : logger    : [INFO    ] [DELETE] /home/mix-man/temp/Facility Requests/2018/01. Jan/2018-01-01 - 1630-1800 - MPR.pdf
2018-07-08 01:36:32,984 : logger    : [INFO    ] [MOVE] /home/mix-man/temp/Work/Facility Requests/2018-01-01 - 1630-1800 - MPR.pdf -> /home/mix-man/temp/Facility Requests/2018/01. Jan/2018-01-01 - 1630-1800 - MPR.pdf
